#
# There is insufficient memory for the Java Runtime Environment to continue.
# Native memory allocation (malloc) failed to allocate 977056 bytes for Chunk::new
# Possible reasons:
#   The system is out of physical RAM or swap space
#   The process is running with CompressedOops enabled, and the Java Heap may be blocking the growth of the native heap
# Possible solutions:
#   Reduce memory load on the system
#   Increase physical memory or swap space
#   Check if swap backing store is full
#   Decrease Java heap size (-Xmx/-Xms)
#   Decrease number of Java threads
#   Decrease Java thread stack sizes (-Xss)
#   Set larger code cache with -XX:ReservedCodeCacheSize=
#   JVM is running with Unscaled Compressed Oops mode in which the Java heap is
#     placed in the first 4GB address space. The Java Heap base address is the
#     maximum limit for the native heap growth. Please use -XX:HeapBaseMinAddress
#     to set the Java Heap base and to place the Java Heap above 4GB virtual address.
# This output file may be truncated or incomplete.
#
#  Out of Memory Error (allocation.cpp:389), pid=11400, tid=0x0000000000004208
#
# JRE version: OpenJDK Runtime Environment (8.0_242-b01) (build 1.8.0_242-release-1644-b01)
# Java VM: OpenJDK 64-Bit Server VM (25.242-b01 mixed mode windows-amd64 compressed oops)
# Failed to write core dump. Minidumps are not enabled by default on client versions of Windows
#

---------------  T H R E A D  ---------------

Current thread (0x0000000015c5e000):  JavaThread "C2 CompilerThread2" daemon [_thread_in_native, id=16904, stack(0x0000000016730000,0x0000000016830000)]

Stack: [0x0000000016730000,0x0000000016830000]
[error occurred during error reporting (printing stack bounds), id 0xc0000005]

Native frames: (J=compiled Java code, j=interpreted, Vv=VM code, C=native code)


Current CompileTask:
C2:  37919 1628       4       java.net.URLClassLoader$1::run (5 bytes)


---------------  P R O C E S S  ---------------

Java Threads: ( => current thread )
  0x00000000180ac800 JavaThread "Cache worker for file hash cache (C:\Users\User\.gradle\caches\6.5\fileHashes)" [_thread_blocked, id=15672, stack(0x000000001ac50000,0x000000001ad50000)]
  0x00000000180aa000 JavaThread "File lock request listener" [_thread_in_native, id=22868, stack(0x000000001ab50000,0x000000001ac50000)]
  0x0000000017fb1000 JavaThread "Cache worker for journal cache (C:\Users\User\.gradle\caches\journal-1)" [_thread_blocked, id=6460, stack(0x000000001aa50000,0x000000001ab50000)]
  0x00000000172d0000 JavaThread "Thread-9" [_thread_blocked, id=13844, stack(0x0000000019780000,0x0000000019880000)]
  0x0000000016009800 JavaThread "Stdin handler" [_thread_blocked, id=480, stack(0x0000000019680000,0x0000000019780000)]
  0x0000000016013800 JavaThread "Asynchronous log dispatcher for DefaultDaemonConnection: socket connection from /127.0.0.1:64547 to /127.0.0.1:64548" [_thread_blocked, id=21968, stack(0x0000000019580000,0x0000000019680000)]
  0x00000000172f9800 JavaThread "Daemon worker" [_thread_in_Java, id=4780, stack(0x0000000019480000,0x0000000019580000)]
  0x000000001600c000 JavaThread "Cancel handler" [_thread_blocked, id=22468, stack(0x0000000019280000,0x0000000019380000)]
  0x00000000175ec800 JavaThread "Handler for socket connection from /127.0.0.1:64547 to /127.0.0.1:64548" [_thread_in_native, id=9388, stack(0x0000000019180000,0x0000000019280000)]
  0x00000000175e9000 JavaThread "Daemon" [_thread_blocked, id=12732, stack(0x0000000019080000,0x0000000019180000)]
  0x0000000017f21800 JavaThread "Daemon periodic checks" [_thread_blocked, id=7796, stack(0x0000000018d80000,0x0000000018e80000)]
  0x0000000017ed4000 JavaThread "Incoming local TCP Connector on port 64547" [_thread_in_native, id=19512, stack(0x0000000018b40000,0x0000000018c40000)]
  0x00000000175a7000 JavaThread "Daemon health stats" [_thread_blocked, id=20792, stack(0x0000000018500000,0x0000000018600000)]
  0x0000000015ccb800 JavaThread "Service Thread" daemon [_thread_blocked, id=20944, stack(0x0000000016930000,0x0000000016a30000)]
  0x0000000015c7e000 JavaThread "C1 CompilerThread3" daemon [_thread_blocked, id=8696, stack(0x0000000016830000,0x0000000016930000)]
=>0x0000000015c5e000 JavaThread "C2 CompilerThread2" daemon [_thread_in_native, id=16904, stack(0x0000000016730000,0x0000000016830000)]
  0x0000000015c58000 JavaThread "C2 CompilerThread1" daemon [_thread_in_native, id=9488, stack(0x0000000016630000,0x0000000016730000)]
  0x0000000013e59000 JavaThread "C2 CompilerThread0" daemon [_thread_blocked, id=23512, stack(0x0000000016530000,0x0000000016630000)]
  0x0000000015c54000 JavaThread "Attach Listener" daemon [_thread_blocked, id=2036, stack(0x0000000016430000,0x0000000016530000)]
  0x0000000015c52800 JavaThread "Signal Dispatcher" daemon [_thread_blocked, id=12244, stack(0x0000000016330000,0x0000000016430000)]
  0x00000000025bd800 JavaThread "Finalizer" daemon [_thread_blocked, id=16976, stack(0x0000000016120000,0x0000000016220000)]
  0x0000000013e4c800 JavaThread "Reference Handler" daemon [_thread_blocked, id=8028, stack(0x0000000016020000,0x0000000016120000)]
  0x000000000069d800 JavaThread "main" [_thread_blocked, id=17844, stack(0x00000000023a0000,0x00000000024a0000)]

Other Threads:
  0x0000000013e47800 VMThread [stack: 0x0000000015b20000,0x0000000015c20000] [id=1572]
  0x0000000015ccc800 WatcherThread [stack: 0x0000000016a30000,0x0000000016b30000] [id=1668]

VM state:synchronizing (normal execution)

VM Mutex/Monitor currently owned by a thread:  ([mutex/lock_event])
[0x000000000069ca70] Safepoint_lock - owner thread: 0x0000000013e47800
[0x000000000069c6f0] Threads_lock - owner thread: 0x0000000013e47800

heap address: 0x00000000e0000000, size: 512 MB, Compressed Oops mode: 32-bit
Narrow klass base: 0x0000000000000000, Narrow klass shift: 3
Compressed class space size: 1073741824 Address: 0x0000000100000000

Heap:
 PSYoungGen      total 76288K, used 25490K [0x00000000f5580000, 0x00000000faa80000, 0x0000000100000000)
  eden space 65536K, 25% used [0x00000000f5580000,0x00000000f6581080,0x00000000f9580000)
  from space 10752K, 84% used [0x00000000fa000000,0x00000000fa8e3838,0x00000000faa80000)
  to   space 10752K, 0% used [0x00000000f9580000,0x00000000f9580000,0x00000000fa000000)
 ParOldGen       total 175104K, used 24K [0x00000000e0000000, 0x00000000eab00000, 0x00000000f5580000)
  object space 175104K, 0% used [0x00000000e0000000,0x00000000e0006000,0x00000000eab00000)
 Metaspace       used 16522K, capacity 17118K, committed 17280K, reserved 1064960K
  class space    used 2193K, capacity 2347K, committed 2432K, reserved 1048576K

Card table byte_map: [0x0000000011990000,0x0000000011aa0000] byte_map_base: 0x0000000011290000

Marking Bits: (ParMarkBitMap*) 0x00000000642ef030
 Begin Bits: [0x0000000012350000, 0x0000000012b50000)
 End Bits:   [0x0000000012b50000, 0x0000000013350000)

Polling page: 0x00000000024a0000

CodeCache: size=245760Kb used=5032Kb max_used=5032Kb free=240728Kb
 bounds [0x00000000025d0000, 0x0000000002ac0000, 0x00000000115d0000]
 total_blobs=1875 nmethods=1476 adapters=313
 compilation: enabled

Compilation events (10 events):
Event: 37.457 Thread 0x0000000015c7e000 1625       3       sun.reflect.ReflectionFactory::copyConstructor (10 bytes)
Event: 37.458 Thread 0x0000000015c7e000 nmethod 1625 0x0000000002abb350 code [0x0000000002abb4e0, 0x0000000002abb8c8]
Event: 37.458 Thread 0x0000000015c7e000 1626       3       java.lang.reflect.ReflectAccess::copyConstructor (5 bytes)
Event: 37.459 Thread 0x0000000015c7e000 nmethod 1626 0x0000000002abaf10 code [0x0000000002abb080, 0x0000000002abb288]
Event: 37.492 Thread 0x0000000015c7e000 1627       3       org.gradle.internal.service.DefaultServiceRegistry$OwnServices::getProviders (26 bytes)
Event: 37.493 Thread 0x0000000015c7e000 nmethod 1627 0x0000000002aba890 code [0x0000000002abaa20, 0x0000000002abade8]
Event: 37.501 Thread 0x0000000015c5e000 1628       4       java.net.URLClassLoader$1::run (5 bytes)
Event: 37.501 Thread 0x0000000015c58000 1629   !   4       java.net.URLClassLoader$1::run (63 bytes)
Event: 37.809 Thread 0x0000000015c7e000 1631       3       jdk.internal.org.objectweb.asm.Frame::<init> (5 bytes)
Event: 37.810 Thread 0x0000000015c7e000 nmethod 1631 0x0000000002abce90 code [0x0000000002abcfe0, 0x0000000002abd190]

GC Heap History (4 events):
Event: 19.581 GC heap before
{Heap before GC invocations=1 (full 0):
 PSYoungGen      total 76288K, used 65536K [0x00000000f5580000, 0x00000000faa80000, 0x0000000100000000)
  eden space 65536K, 100% used [0x00000000f5580000,0x00000000f9580000,0x00000000f9580000)
  from space 10752K, 0% used [0x00000000fa000000,0x00000000fa000000,0x00000000faa80000)
  to   space 10752K, 0% used [0x00000000f9580000,0x00000000f9580000,0x00000000fa000000)
 ParOldGen       total 175104K, used 0K [0x00000000e0000000, 0x00000000eab00000, 0x00000000f5580000)
  object space 175104K, 0% used [0x00000000e0000000,0x00000000e0000000,0x00000000eab00000)
 Metaspace       used 7749K, capacity 7978K, committed 8320K, reserved 1056768K
  class space    used 947K, capacity 1041K, committed 1152K, reserved 1048576K
Event: 19.594 GC heap after
Heap after GC invocations=1 (full 0):
 PSYoungGen      total 76288K, used 5784K [0x00000000f5580000, 0x00000000faa80000, 0x0000000100000000)
  eden space 65536K, 0% used [0x00000000f5580000,0x00000000f5580000,0x00000000f9580000)
  from space 10752K, 53% used [0x00000000f9580000,0x00000000f9b263f8,0x00000000fa000000)
  to   space 10752K, 0% used [0x00000000fa000000,0x00000000fa000000,0x00000000faa80000)
 ParOldGen       total 175104K, used 16K [0x00000000e0000000, 0x00000000eab00000, 0x00000000f5580000)
  object space 175104K, 0% used [0x00000000e0000000,0x00000000e0004000,0x00000000eab00000)
 Metaspace       used 7749K, capacity 7978K, committed 8320K, reserved 1056768K
  class space    used 947K, capacity 1041K, committed 1152K, reserved 1048576K
}
Event: 35.992 GC heap before
{Heap before GC invocations=2 (full 0):
 PSYoungGen      total 76288K, used 71320K [0x00000000f5580000, 0x00000000faa80000, 0x0000000100000000)
  eden space 65536K, 100% used [0x00000000f5580000,0x00000000f9580000,0x00000000f9580000)
  from space 10752K, 53% used [0x00000000f9580000,0x00000000f9b263f8,0x00000000fa000000)
  to   space 10752K, 0% used [0x00000000fa000000,0x00000000fa000000,0x00000000faa80000)
 ParOldGen       total 175104K, used 16K [0x00000000e0000000, 0x00000000eab00000, 0x00000000f5580000)
  object space 175104K, 0% used [0x00000000e0000000,0x00000000e0004000,0x00000000eab00000)
 Metaspace       used 14308K, capacity 14706K, committed 14976K, reserved 1062912K
  class space    used 1967K, capacity 2099K, committed 2176K, reserved 1048576K
Event: 36.038 GC heap after
Heap after GC invocations=2 (full 0):
 PSYoungGen      total 76288K, used 9102K [0x00000000f5580000, 0x00000000faa80000, 0x0000000100000000)
  eden space 65536K, 0% used [0x00000000f5580000,0x00000000f5580000,0x00000000f9580000)
  from space 10752K, 84% used [0x00000000fa000000,0x00000000fa8e3838,0x00000000faa80000)
  to   space 10752K, 0% used [0x00000000f9580000,0x00000000f9580000,0x00000000fa000000)
 ParOldGen       total 175104K, used 24K [0x00000000e0000000, 0x00000000eab00000, 0x00000000f5580000)
  object space 175104K, 0% used [0x00000000e0000000,0x00000000e0006000,0x00000000eab00000)
 Metaspace       used 14308K, capacity 14706K, committed 14976K, reserved 1062912K
  class space    used 1967K, capacity 2099K, committed 2176K, reserved 1048576K
}

Deoptimization events (10 events):
Event: 31.683 Thread 0x00000000175ec800 Uncommon trap: reason=unstable_if action=reinterpret pc=0x0000000002914b30 method=java.lang.String.substring(I)Ljava/lang/String; @ 35
Event: 32.400 Thread 0x00000000172f9800 Uncommon trap: reason=bimorphic action=maybe_recompile pc=0x0000000002866f40 method=java.util.HashMap.putVal(ILjava/lang/Object;Ljava/lang/Object;ZZ)Ljava/lang/Object; @ 253
Event: 32.401 Thread 0x00000000172f9800 Uncommon trap: reason=bimorphic action=maybe_recompile pc=0x0000000002866f40 method=java.util.HashMap.putVal(ILjava/lang/Object;Ljava/lang/Object;ZZ)Ljava/lang/Object; @ 253
Event: 32.401 Thread 0x00000000172f9800 Uncommon trap: reason=bimorphic action=maybe_recompile pc=0x0000000002866f40 method=java.util.HashMap.putVal(ILjava/lang/Object;Ljava/lang/Object;ZZ)Ljava/lang/Object; @ 253
Event: 32.401 Thread 0x00000000172f9800 Uncommon trap: reason=bimorphic action=maybe_recompile pc=0x0000000002866f40 method=java.util.HashMap.putVal(ILjava/lang/Object;Ljava/lang/Object;ZZ)Ljava/lang/Object; @ 253
Event: 35.843 Thread 0x00000000172f9800 Uncommon trap: reason=class_check action=maybe_recompile pc=0x000000000291ad5c method=java.util.regex.Matcher.match(II)Z @ 86
Event: 35.916 Thread 0x00000000172f9800 Uncommon trap: reason=class_check action=maybe_recompile pc=0x000000000291ad5c method=java.util.regex.Matcher.match(II)Z @ 86
Event: 35.917 Thread 0x00000000172f9800 Uncommon trap: reason=class_check action=maybe_recompile pc=0x000000000291ad5c method=java.util.regex.Matcher.match(II)Z @ 86
Event: 35.917 Thread 0x00000000172f9800 Uncommon trap: reason=class_check action=maybe_recompile pc=0x00000000027a0e9c method=java.util.regex.Matcher.match(II)Z @ 86
Event: 36.708 Thread 0x00000000172f9800 Uncommon trap: reason=unstable_if action=reinterpret pc=0x0000000002913d3c method=java.io.File.getName()Ljava/lang/String; @ 16

Classes redefined (0 events):
No events

Internal exceptions (10 events):
Event: 31.630 Thread 0x00000000175ec800 Exception <a 'java/lang/NoSuchMethodError': <clinit>> (0x00000000f78565c8) thrown at [C:\src\AOSP-openjdk-git\hotspot\src\share\vm\prims\jni.cpp, line 1615]
Event: 31.635 Thread 0x00000000175ec800 Exception <a 'java/lang/NoSuchMethodError': <clinit>> (0x00000000f785f168) thrown at [C:\src\AOSP-openjdk-git\hotspot\src\share\vm\prims\jni.cpp, line 1615]
Event: 31.648 Thread 0x00000000175ec800 Exception <a 'java/lang/NoSuchMethodError': <clinit>> (0x00000000f78754c8) thrown at [C:\src\AOSP-openjdk-git\hotspot\src\share\vm\prims\jni.cpp, line 1615]
Event: 31.763 Thread 0x00000000175ec800 Exception <a 'java/lang/NoSuchMethodError': <clinit>> (0x00000000f78ee940) thrown at [C:\src\AOSP-openjdk-git\hotspot\src\share\vm\prims\jni.cpp, line 1615]
Event: 31.884 Thread 0x00000000175ec800 Exception <a 'java/lang/NoSuchMethodError': <clinit>> (0x00000000f791e000) thrown at [C:\src\AOSP-openjdk-git\hotspot\src\share\vm\prims\jni.cpp, line 1615]
Event: 31.909 Thread 0x00000000175ec800 Exception <a 'java/lang/NoSuchMethodError': <clinit>> (0x00000000f794c538) thrown at [C:\src\AOSP-openjdk-git\hotspot\src\share\vm\prims\jni.cpp, line 1615]
Event: 31.914 Thread 0x00000000175ec800 Exception <a 'java/lang/NoSuchMethodError': <clinit>> (0x00000000f79589b0) thrown at [C:\src\AOSP-openjdk-git\hotspot\src\share\vm\prims\jni.cpp, line 1615]
Event: 36.987 Thread 0x00000000172f9800 Exception <a 'java/lang/NoSuchMethodError': java.lang.Object.lambda$and$0(Ljava/util/function/Predicate;Ljava/lang/Object;)Z> (0x00000000f5ffa9a0) thrown at [C:\src\AOSP-openjdk-git\hotspot\src\share\vm\interpreter\linkResolver.cpp, line 620]
Event: 37.029 Thread 0x00000000172f9800 Exception <a 'java/lang/IncompatibleClassChangeError': Found class java.lang.Object, but interface was expected> (0x00000000f600ac98) thrown at [C:\src\AOSP-openjdk-git\hotspot\src\share\vm\interpreter\linkResolver.cpp, line 653]
Event: 37.062 Thread 0x00000000172f9800 Exception <a 'java/lang/NoSuchMethodError': java.lang.Object.lambda$or$2(Ljava/util/function/Predicate;Ljava/lang/Object;)Z> (0x00000000f600f7e8) thrown at [C:\src\AOSP-openjdk-git\hotspot\src\share\vm\interpreter\linkResolver.cpp, line 620]

Events (10 events):
Event: 37.784 loading class org/gradle/api/internal/artifacts/dsl/dependencies/DependencyFactory
Event: 37.784 loading class org/gradle/api/internal/artifacts/dsl/dependencies/DependencyFactory done
Event: 37.811 loading class org/gradle/plugin/internal/PluginUsePluginServiceRegistry$BuildScopeServices
Event: 37.811 loading class org/gradle/plugin/internal/PluginUsePluginServiceRegistry$BuildScopeServices done
Event: 37.852 loading class org/gradle/api/internal/artifacts/dsl/dependencies/ProjectFinder
Event: 37.852 loading class org/gradle/api/internal/artifacts/dsl/dependencies/ProjectFinder done
Event: 37.864 loading class org/gradle/plugin/management/internal/autoapply/AutoAppliedPluginRegistry
Event: 37.864 loading class org/gradle/plugin/management/internal/autoapply/AutoAppliedPluginRegistry done
Event: 37.865 loading class org/gradle/api/internal/artifacts/DependencyResolutionServices
Event: 37.865 loading class org/gradle/api/internal/artifacts/DependencyResolutionServices done


Dynamic libraries:
0x00007ff682d40000 - 0x00007ff682d71000 	D:\AS\jre\bin\java.exe
0x00007ffe47790000 - 0x00007ffe47985000 	C:\WINDOWS\SYSTEM32\ntdll.dll
0x00007ffe46bd0000 - 0x00007ffe46c8d000 	C:\WINDOWS\System32\KERNEL32.DLL
0x00007ffe45390000 - 0x00007ffe45658000 	C:\WINDOWS\System32\KERNELBASE.dll
0x00007ffe45860000 - 0x00007ffe4590c000 	C:\WINDOWS\System32\ADVAPI32.dll
0x00007ffe46590000 - 0x00007ffe4662e000 	C:\WINDOWS\System32\msvcrt.dll
0x00007ffe46710000 - 0x00007ffe467ab000 	C:\WINDOWS\System32\sechost.dll
0x00007ffe46d50000 - 0x00007ffe46e7b000 	C:\WINDOWS\System32\RPCRT4.dll
0x00007ffe45cd0000 - 0x00007ffe45e70000 	C:\WINDOWS\System32\USER32.dll
0x00007ffe45360000 - 0x00007ffe45382000 	C:\WINDOWS\System32\win32u.dll
0x00007ffe45910000 - 0x00007ffe4593a000 	C:\WINDOWS\System32\GDI32.dll
0x00007ffe45130000 - 0x00007ffe4523b000 	C:\WINDOWS\System32\gdi32full.dll
0x00007ffe45240000 - 0x00007ffe452dd000 	C:\WINDOWS\System32\msvcp_win.dll
0x00007ffe456c0000 - 0x00007ffe457c0000 	C:\WINDOWS\System32\ucrtbase.dll
0x00007ffe364a0000 - 0x00007ffe3673a000 	C:\WINDOWS\WinSxS\amd64_microsoft.windows.common-controls_6595b64144ccf1df_6.0.19041.844_none_ca00b6081b84eb1d\COMCTL32.dll
0x00007ffe45e70000 - 0x00007ffe45ea0000 	C:\WINDOWS\System32\IMM32.DLL
0x0000000062150000 - 0x0000000062222000 	D:\AS\jre\jre\bin\msvcr100.dll
0x0000000063b20000 - 0x000000006436b000 	D:\AS\jre\jre\bin\server\jvm.dll
0x00007ffe40270000 - 0x00007ffe40279000 	C:\WINDOWS\SYSTEM32\WSOCK32.dll
0x00007ffe467b0000 - 0x00007ffe4681b000 	C:\WINDOWS\System32\WS2_32.dll
0x00007ffe3c820000 - 0x00007ffe3c82a000 	C:\WINDOWS\SYSTEM32\VERSION.dll
0x00007ffe3b560000 - 0x00007ffe3b587000 	C:\WINDOWS\SYSTEM32\WINMM.dll
0x00007ffe45ca0000 - 0x00007ffe45ca8000 	C:\WINDOWS\System32\PSAPI.DLL
0x00007ffe2f400000 - 0x00007ffe2f40f000 	D:\AS\jre\jre\bin\verify.dll
0x00007ffe21580000 - 0x00007ffe215a9000 	D:\AS\jre\jre\bin\java.dll
0x00007ffe2f3e0000 - 0x00007ffe2f3f6000 	D:\AS\jre\jre\bin\zip.dll
0x00007ffe47000000 - 0x00007ffe47742000 	C:\WINDOWS\System32\SHELL32.dll
0x00007ffe42cf0000 - 0x00007ffe43480000 	C:\WINDOWS\SYSTEM32\windows.storage.dll
0x00007ffe45940000 - 0x00007ffe45c95000 	C:\WINDOWS\System32\combase.dll
0x00007ffe44870000 - 0x00007ffe4489c000 	C:\WINDOWS\SYSTEM32\Wldp.dll
0x00007ffe46a80000 - 0x00007ffe46b2e000 	C:\WINDOWS\System32\SHCORE.dll
0x00007ffe46cf0000 - 0x00007ffe46d45000 	C:\WINDOWS\System32\shlwapi.dll
0x00007ffe44e10000 - 0x00007ffe44e2f000 	C:\WINDOWS\SYSTEM32\profapi.dll
0x00007ffe26c10000 - 0x00007ffe26c2a000 	D:\AS\jre\jre\bin\net.dll
0x00007ffe445e0000 - 0x00007ffe4464a000 	C:\WINDOWS\system32\mswsock.dll
0x00007ffe24540000 - 0x00007ffe24553000 	D:\AS\jre\jre\bin\nio.dll
0x00007ffe20850000 - 0x00007ffe20877000 	C:\Users\User\.gradle\native\f6784746aeab05261644944871eae4fe03e0ef1612fff0a4a95f87b438bc6780\windows-amd64\native-platform.dll
0x00007ffe2e580000 - 0x00007ffe2e58d000 	D:\AS\jre\jre\bin\management.dll
0x00007ffe447c0000 - 0x00007ffe447d8000 	C:\WINDOWS\SYSTEM32\CRYPTSP.dll
0x00007ffe43f80000 - 0x00007ffe43fb4000 	C:\WINDOWS\system32\rsaenh.dll
0x00007ffe457c0000 - 0x00007ffe457e7000 	C:\WINDOWS\System32\bcrypt.dll
0x00007ffe44dd0000 - 0x00007ffe44dfe000 	C:\WINDOWS\SYSTEM32\USERENV.dll
0x00007ffe452e0000 - 0x00007ffe45360000 	C:\WINDOWS\System32\bcryptprimitives.dll
0x00007ffe447b0000 - 0x00007ffe447bc000 	C:\WINDOWS\SYSTEM32\CRYPTBASE.dll
0x00007ffe442d0000 - 0x00007ffe4430b000 	C:\WINDOWS\SYSTEM32\IPHLPAPI.DLL
0x00007ffe46bc0000 - 0x00007ffe46bc8000 	C:\WINDOWS\System32\NSI.dll
0x00007ffe434a0000 - 0x00007ffe434b7000 	C:\WINDOWS\SYSTEM32\dhcpcsvc6.DLL
0x00007ffe43480000 - 0x00007ffe4349d000 	C:\WINDOWS\SYSTEM32\dhcpcsvc.DLL
0x00007ffe44310000 - 0x00007ffe443dc000 	C:\WINDOWS\SYSTEM32\DNSAPI.dll
0x00007ffe3d970000 - 0x00007ffe3d97b000 	C:\WINDOWS\SYSTEM32\WINNSI.DLL

VM Arguments:
jvm_args: -XX:MaxMetaspaceSize=256m -XX:+HeapDumpOnOutOfMemoryError -Xms256m -Xmx512m -Dfile.encoding=windows-1252 -Duser.country=ID -Duser.language=en -Duser.variant 
java_command: org.gradle.launcher.daemon.bootstrap.GradleDaemon 6.5
java_class_path (initial): C:\Users\User\.gradle\wrapper\dists\gradle-6.5-bin\6nifqtx7604sqp1q6g8wikw7p\gradle-6.5\lib\gradle-launcher-6.5.jar
Launcher Type: SUN_STANDARD

Environment Variables:
PATH=C:\Program Files (x86)\Common Files\Oracle\Java\javapath;C:\Program Files (x86)\Common Files\Intel\Shared Libraries\redist\intel64\compiler;C:\Program Files (x86)\Common Files\Intel\Shared Files\cpp\bin\Intel64;C:\WINDOWS\system32;C:\WINDOWS;C:\WINDOWS\System32\Wbem;C:\WINDOWS\System32\WindowsPowerShell\v1.0\;C:\WINDOWS\System32\OpenSSH\;D:\XAMP\php;C:\ProgramData\ComposerSetup\bin;D:\Git\cmd;C:\Program Files\nodejs\;C:\Users\User\AppData\Local\Microsoft\WindowsApps;C:\Users\User\AppData\Local\Programs\Microsoft VS Code\bin;%DASHLANE_DLL_DIR%;C:\Users\User\AppData\Local\GitHubDesktop\bin;C:\Users\User\AppData\Roaming\Composer\vendor\bin;C:\Users\User\AppData\Roaming\npm
USERNAME=User
OS=Windows_NT
PROCESSOR_IDENTIFIER=AMD64 Family 23 Model 17 Stepping 0, AuthenticAMD



---------------  S Y S T E M  ---------------

OS: Windows 10.0 , 64 bit Build 19041 (10.0.19041.928)

CPU:total 8 (initial active 8) (8 cores per cpu, 1 threads per core) family 23 model 17 stepping 0, cmov, cx8, fxsr, mmx, sse, sse2, sse3, ssse3, sse4.1, sse4.2, popcnt, avx, avx2, aes, clmul, mmxext, 3dnowpref, lzcnt, sse4a, tsc, tscinvbit, tscinv, bmi1

Memory: 4k page, physical 3624752k(192988k free), swap 14634800k(4548k free)

vm_info: OpenJDK 64-Bit Server VM (25.242-b01) for windows-amd64 JRE (1.8.0_242-release-1644-b01), built by "builder" with MS VC++ 10.0 (VS2010)

time: Thu Jun 10 12:47:48 2021
timezone: SE Asia Standard Time
elapsed time: 37 seconds (0d 0h 0m 37s)

